# JRE version: OpenJDK Runtime Environment Temurin-17.0.4.1+1 (17.0.4.1+1) (build 17.0.4.1+1)
# Java VM: OpenJDK 64-Bit Server VM Temurin-17.0.4.1+1 (17.0.4.1+1, mixed mode, emulated-client, tiered, compressed oops, compressed class ptrs, g1 gc, windows-amd64)
GC Precious Log:
 CPUs: 4 total, 4 available
 Memory: 3918M
 Large Page Support: Disabled
 NUMA Support: Disabled
 Compressed Oops: Enabled (32-bit)
 Heap Region Size: 1M
 Heap Min Capacity: 8M
 Heap Initial Capacity: 62M
 Heap Max Capacity: 980M
 Pre-touch: Disabled
 Parallel Workers: 4
 Concurrent Workers: 1
 Concurrent Refinement Workers: 4
 Periodic GC: Disabled
Heap:
 garbage-first heap   total 63488K, used 37280K [0x00000000c2c00000, 0x0000000100000000)
  region size 1024K, 2 young (2048K), 2 survivors (2048K)
 Metaspace       used 35561K, committed 35840K, reserved 1081344K
  class space    used 4601K, committed 4736K, reserved 1048576K
GC Heap History (20 events):
Event: 12.872 GC heap after
{Heap after GC invocations=8 (full 0):
 garbage-first heap   total 48128K, used 16777K [0x00000000c2c00000, 0x0000000100000000)
  region size 1024K, 2 young (2048K), 2 survivors (2048K)
 Metaspace       used 31640K, committed 31936K, reserved 1081344K
  class space    used 4004K, committed 4160K, reserved 1048576K
}
Event: 14.295 GC heap before
{Heap before GC invocations=8 (full 0):
 garbage-first heap   total 48128K, used 32137K [0x00000000c2c00000, 0x0000000100000000)
  region size 1024K, 18 young (18432K), 2 survivors (2048K)
 Metaspace       used 34574K, committed 34944K, reserved 1081344K
  class space    used 4463K, committed 4608K, reserved 1048576K
}
Event: 14.299 GC heap after
{Heap after GC invocations=9 (full 0):
 garbage-first heap   total 48128K, used 18456K [0x00000000c2c00000, 0x0000000100000000)
  region size 1024K, 3 young (3072K), 3 survivors (3072K)
 Metaspace       used 34574K, committed 34944K, reserved 1081344K
  class space    used 4463K, committed 4608K, reserved 1048576K
}
Event: 15.581 GC heap before
{Heap before GC invocations=9 (full 0):
 garbage-first heap   total 48128K, used 33816K [0x00000000c2c00000, 0x0000000100000000)
  region size 1024K, 19 young (19456K), 3 survivors (3072K)
 Metaspace       used 35047K, committed 35328K, reserved 1081344K
  class space    used 4529K, committed 4672K, reserved 1048576K
}
Event: 15.590 GC heap after
{Heap after GC invocations=10 (full 0):
 garbage-first heap   total 48128K, used 21534K [0x00000000c2c00000, 0x0000000100000000)
  region size 1024K, 3 young (3072K), 3 survivors (3072K)
 Metaspace       used 35047K, committed 35328K, reserved 1081344K
  class space    used 4529K, committed 4672K, reserved 1048576K
}
Event: 15.883 GC heap before
{Heap before GC invocations=10 (full 0):
 garbage-first heap   total 48128K, used 33822K [0x00000000c2c00000, 0x0000000100000000)
  region size 1024K, 16 young (16384K), 3 survivors (3072K)
 Metaspace       used 35047K, committed 35328K, reserved 1081344K
  class space    used 4529K, committed 4672K, reserved 1048576K
}
Event: 15.888 GC heap after
{Heap after GC invocations=11 (full 0):
 garbage-first heap   total 48128K, used 24277K [0x00000000c2c00000, 0x0000000100000000)
  region size 1024K, 2 young (2048K), 2 survivors (2048K)
 Metaspace       used 35047K, committed 35328K, reserved 1081344K
  class space    used 4529K, committed 4672K, reserved 1048576K
}
Event: 16.230 GC heap before
{Heap before GC invocations=11 (full 0):
 garbage-first heap   total 48128K, used 34517K [0x00000000c2c00000, 0x0000000100000000)
  region size 1024K, 13 young (13312K), 2 survivors (2048K)
 Metaspace       used 35047K, committed 35328K, reserved 1081344K
  class space    used 4529K, committed 4672K, reserved 1048576K
}
Event: 16.235 GC heap after
{Heap after GC invocations=12 (full 0):
 garbage-first heap   total 48128K, used 26773K [0x00000000c2c00000, 0x0000000100000000)
  region size 1024K, 2 young (2048K), 2 survivors (2048K)
 Metaspace       used 35047K, committed 35328K, reserved 1081344K
  class space    used 4529K, committed 4672K, reserved 1048576K
}
Event: 16.412 GC heap before
{Heap before GC invocations=13 (full 0):
 garbage-first heap   total 50176K, used 35989K [0x00000000c2c00000, 0x0000000100000000)
  region size 1024K, 11 young (11264K), 2 survivors (2048K)
 Metaspace       used 35154K, committed 35520K, reserved 1081344K
  class space    used 4551K, committed 4736K, reserved 1048576K
}
Event: 16.415 GC heap after
{Heap after GC invocations=14 (full 0):
 garbage-first heap   total 50176K, used 28752K [0x00000000c2c00000, 0x0000000100000000)
  region size 1024K, 2 young (2048K), 2 survivors (2048K)
 Metaspace       used 35154K, committed 35520K, reserved 1081344K
  class space    used 4551K, committed 4736K, reserved 1048576K
}
Event: 16.554 GC heap before
{Heap before GC invocations=14 (full 0):
 garbage-first heap   total 50176K, used 37968K [0x00000000c2c00000, 0x0000000100000000)
  region size 1024K, 11 young (11264K), 2 survivors (2048K)
 Metaspace       used 35188K, committed 35520K, reserved 1081344K
  class space    used 4562K, committed 4736K, reserved 1048576K
}
Event: 16.557 GC heap after
{Heap after GC invocations=15 (full 0):
 garbage-first heap   total 50176K, used 30478K [0x00000000c2c00000, 0x0000000100000000)
  region size 1024K, 2 young (2048K), 2 survivors (2048K)
 Metaspace       used 35188K, committed 35520K, reserved 1081344K
  class space    used 4562K, committed 4736K, reserved 1048576K
}
Event: 16.660 GC heap before
{Heap before GC invocations=15 (full 0):
 garbage-first heap   total 63488K, used 38670K [0x00000000c2c00000, 0x0000000100000000)
  region size 1024K, 10 young (10240K), 2 survivors (2048K)
 Metaspace       used 35214K, committed 35520K, reserved 1081344K
  class space    used 4569K, committed 4736K, reserved 1048576K
}
Event: 16.664 GC heap after
{Heap after GC invocations=16 (full 0):
 garbage-first heap   total 63488K, used 31981K [0x00000000c2c00000, 0x0000000100000000)
  region size 1024K, 2 young (2048K), 2 survivors (2048K)
 Metaspace       used 35214K, committed 35520K, reserved 1081344K
  class space    used 4569K, committed 4736K, reserved 1048576K
}
Event: 16.767 GC heap before
{Heap before GC invocations=17 (full 0):
 garbage-first heap   total 63488K, used 46317K [0x00000000c2c00000, 0x0000000100000000)
  region size 1024K, 16 young (16384K), 2 survivors (2048K)
 Metaspace       used 35335K, committed 35648K, reserved 1081344K
  class space    used 4586K, committed 4736K, reserved 1048576K
}
Event: 16.771 GC heap after
{Heap after GC invocations=18 (full 0):
 garbage-first heap   total 63488K, used 34475K [0x00000000c2c00000, 0x0000000100000000)
  region size 1024K, 2 young (2048K), 2 survivors (2048K)
 Metaspace       used 35335K, committed 35648K, reserved 1081344K
  class space    used 4586K, committed 4736K, reserved 1048576K
}
Event: 16.777 GC heap before
{Heap before GC invocations=18 (full 0):
 garbage-first heap   total 63488K, used 35499K [0x00000000c2c00000, 0x0000000100000000)
  region size 1024K, 3 young (3072K), 2 survivors (2048K)
 Metaspace       used 35338K, committed 35648K, reserved 1081344K
  class space    used 4587K, committed 4736K, reserved 1048576K
}
Event: 16.780 GC heap after
{Heap after GC invocations=19 (full 0):
 garbage-first heap   total 63488K, used 35145K [0x00000000c2c00000, 0x0000000100000000)
  region size 1024K, 1 young (1024K), 1 survivors (1024K)
 Metaspace       used 35338K, committed 35648K, reserved 1081344K
  class space    used 4587K, committed 4736K, reserved 1048576K
}
Event: 16.828 GC heap before
{Heap before GC invocations=19 (full 0):
 garbage-first heap   total 63488K, used 47433K [0x00000000c2c00000, 0x0000000100000000)
  region size 1024K, 14 young (14336K), 1 survivors (1024K)
 Metaspace       used 35561K, committed 35840K, reserved 1081344K
  class space    used 4601K, committed 4736K, reserved 1048576K
}

