# JRE version: OpenJDK Runtime Environment Temurin-17.0.4.1+1 (17.0.4.1+1) (build 17.0.4.1+1)
# Java VM: OpenJDK 64-Bit Server VM Temurin-17.0.4.1+1 (17.0.4.1+1, mixed mode, emulated-client, tiered, compressed oops, compressed class ptrs, g1 gc, windows-amd64)
GC Precious Log:
 CPUs: 4 total, 4 available
 Memory: 3918M
 Large Page Support: Disabled
 NUMA Support: Disabled
 Compressed Oops: Enabled (32-bit)
 Heap Region Size: 1M
 Heap Min Capacity: 8M
 Heap Initial Capacity: 62M
 Heap Max Capacity: 980M
 Pre-touch: Disabled
 Parallel Workers: 4
 Concurrent Workers: 1
 Concurrent Refinement Workers: 4
 Periodic GC: Disabled
Heap:
 garbage-first heap   total 483328K, used 264704K [0x00000000c2c00000, 0x0000000100000000)
  region size 1024K, 5 young (5120K), 5 survivors (5120K)
 Metaspace       used 44484K, committed 44864K, reserved 1089536K
  class space    used 6036K, committed 6208K, reserved 1048576K
GC Heap History (20 events):
Event: 47.994 GC heap after
{Heap after GC invocations=41 (full 0):
 garbage-first heap   total 352256K, used 173918K [0x00000000c2c00000, 0x0000000100000000)
  region size 1024K, 14 young (14336K), 14 survivors (14336K)
 Metaspace       used 38971K, committed 39360K, reserved 1089536K
  class space    used 4920K, committed 5120K, reserved 1048576K
}
Event: 48.242 GC heap before
{Heap before GC invocations=41 (full 0):
 garbage-first heap   total 352256K, used 296798K [0x00000000c2c00000, 0x0000000100000000)
  region size 1024K, 135 young (138240K), 14 survivors (14336K)
 Metaspace       used 38971K, committed 39360K, reserved 1089536K
  class space    used 4920K, committed 5120K, reserved 1048576K
}
Event: 48.281 GC heap after
{Heap after GC invocations=42 (full 0):
 garbage-first heap   total 352256K, used 179332K [0x00000000c2c00000, 0x0000000100000000)
  region size 1024K, 13 young (13312K), 13 survivors (13312K)
 Metaspace       used 38971K, committed 39360K, reserved 1089536K
  class space    used 4920K, committed 5120K, reserved 1048576K
}
Event: 48.612 GC heap before
{Heap before GC invocations=42 (full 0):
 garbage-first heap   total 352256K, used 299140K [0x00000000c2c00000, 0x0000000100000000)
  region size 1024K, 131 young (134144K), 13 survivors (13312K)
 Metaspace       used 38971K, committed 39360K, reserved 1089536K
  class space    used 4920K, committed 5120K, reserved 1048576K
}
Event: 48.701 GC heap after
{Heap after GC invocations=43 (full 0):
 garbage-first heap   total 352256K, used 185762K [0x00000000c2c00000, 0x0000000100000000)
  region size 1024K, 12 young (12288K), 12 survivors (12288K)
 Metaspace       used 38971K, committed 39360K, reserved 1089536K
  class space    used 4920K, committed 5120K, reserved 1048576K
}
Event: 49.042 GC heap before
{Heap before GC invocations=43 (full 0):
 garbage-first heap   total 352256K, used 299426K [0x00000000c2c00000, 0x0000000100000000)
  region size 1024K, 124 young (126976K), 12 survivors (12288K)
 Metaspace       used 38971K, committed 39360K, reserved 1089536K
  class space    used 4920K, committed 5120K, reserved 1048576K
}
Event: 49.074 GC heap after
{Heap after GC invocations=44 (full 0):
 garbage-first heap   total 483328K, used 191814K [0x00000000c2c00000, 0x0000000100000000)
  region size 1024K, 12 young (12288K), 12 survivors (12288K)
 Metaspace       used 38971K, committed 39360K, reserved 1089536K
  class space    used 4920K, committed 5120K, reserved 1048576K
}
Event: 50.998 GC heap before
{Heap before GC invocations=44 (full 0):
 garbage-first heap   total 483328K, used 403782K [0x00000000c2c00000, 0x0000000100000000)
  region size 1024K, 221 young (226304K), 12 survivors (12288K)
 Metaspace       used 38971K, committed 39360K, reserved 1089536K
  class space    used 4920K, committed 5120K, reserved 1048576K
}
Event: 51.075 GC heap after
{Heap after GC invocations=45 (full 0):
 garbage-first heap   total 483328K, used 201542K [0x00000000c2c00000, 0x0000000100000000)
  region size 1024K, 23 young (23552K), 23 survivors (23552K)
 Metaspace       used 38971K, committed 39360K, reserved 1089536K
  class space    used 4920K, committed 5120K, reserved 1048576K
}
Event: 52.248 GC heap before
{Heap before GC invocations=46 (full 0):
 garbage-first heap   total 483328K, used 402246K [0x00000000c2c00000, 0x0000000100000000)
  region size 1024K, 220 young (225280K), 23 survivors (23552K)
 Metaspace       used 38971K, committed 39360K, reserved 1089536K
  class space    used 4920K, committed 5120K, reserved 1048576K
}
Event: 52.352 GC heap after
{Heap after GC invocations=47 (full 0):
 garbage-first heap   total 483328K, used 211476K [0x00000000c2c00000, 0x0000000100000000)
  region size 1024K, 21 young (21504K), 21 survivors (21504K)
 Metaspace       used 38971K, committed 39360K, reserved 1089536K
  class space    used 4920K, committed 5120K, reserved 1048576K
}
Event: 52.398 GC heap before
{Heap before GC invocations=47 (full 0):
 garbage-first heap   total 483328K, used 212500K [0x00000000c2c00000, 0x0000000100000000)
  region size 1024K, 23 young (23552K), 21 survivors (21504K)
 Metaspace       used 38971K, committed 39360K, reserved 1089536K
  class space    used 4920K, committed 5120K, reserved 1048576K
}
Event: 52.500 GC heap after
{Heap after GC invocations=48 (full 0):
 garbage-first heap   total 483328K, used 209317K [0x00000000c2c00000, 0x0000000100000000)
  region size 1024K, 2 young (2048K), 2 survivors (2048K)
 Metaspace       used 38971K, committed 39360K, reserved 1089536K
  class space    used 4920K, committed 5120K, reserved 1048576K
}
Event: 54.174 GC heap before
{Heap before GC invocations=48 (full 0):
 garbage-first heap   total 483328K, used 406949K [0x00000000c2c00000, 0x0000000100000000)
  region size 1024K, 194 young (198656K), 2 survivors (2048K)
 Metaspace       used 38971K, committed 39360K, reserved 1089536K
  class space    used 4920K, committed 5120K, reserved 1048576K
}
Event: 54.222 GC heap after
{Heap after GC invocations=49 (full 0):
 garbage-first heap   total 483328K, used 219557K [0x00000000c2c00000, 0x0000000100000000)
  region size 1024K, 10 young (10240K), 10 survivors (10240K)
 Metaspace       used 38971K, committed 39360K, reserved 1089536K
  class space    used 4920K, committed 5120K, reserved 1048576K
}
Event: 65.387 GC heap before
{Heap before GC invocations=49 (full 0):
 garbage-first heap   total 483328K, used 407973K [0x00000000c2c00000, 0x0000000100000000)
  region size 1024K, 194 young (198656K), 10 survivors (10240K)
 Metaspace       used 43737K, committed 44096K, reserved 1089536K
  class space    used 5918K, committed 6080K, reserved 1048576K
}
Event: 65.717 GC heap after
{Heap after GC invocations=50 (full 0):
 garbage-first heap   total 483328K, used 254639K [0x00000000c2c00000, 0x0000000100000000)
  region size 1024K, 25 young (25600K), 25 survivors (25600K)
 Metaspace       used 43737K, committed 44096K, reserved 1089536K
  class space    used 5918K, committed 6080K, reserved 1048576K
}
Event: 66.051 GC heap before
{Heap before GC invocations=50 (full 0):
 garbage-first heap   total 483328K, used 257711K [0x00000000c2c00000, 0x0000000100000000)
  region size 1024K, 28 young (28672K), 25 survivors (25600K)
 Metaspace       used 44319K, committed 44736K, reserved 1089536K
  class space    used 6007K, committed 6208K, reserved 1048576K
}
Event: 66.258 GC heap after
{Heap after GC invocations=51 (full 0):
 garbage-first heap   total 483328K, used 257536K [0x00000000c2c00000, 0x0000000100000000)
  region size 1024K, 2 young (2048K), 2 survivors (2048K)
 Metaspace       used 44319K, committed 44736K, reserved 1089536K
  class space    used 6007K, committed 6208K, reserved 1048576K
}
Event: 67.700 GC heap before
{Heap before GC invocations=51 (full 0):
 garbage-first heap   total 483328K, used 293376K [0x00000000c2c00000, 0x0000000100000000)
  region size 1024K, 38 young (38912K), 2 survivors (2048K)
 Metaspace       used 44484K, committed 44864K, reserved 1089536K
  class space    used 6036K, committed 6208K, reserved 1048576K
}

